{"C:\\Users\\soluc\\Desktop\\indexchem\\mid-functions\\error.handler.js": {"path":"C:\\Users\\soluc\\Desktop\\indexchem\\mid-functions\\error.handler.js","statementMap":{"0":{"start":{"line":1,"column":28},"end":{"line":28,"column":1}},"1":{"start":{"line":2,"column":2},"end":{"line":2,"column":37}},"2":{"start":{"line":4,"column":15},"end":{"line":4,"column":42}},"3":{"start":{"line":6,"column":2},"end":{"line":9,"column":3}},"4":{"start":{"line":7,"column":4},"end":{"line":7,"column":55}},"5":{"start":{"line":8,"column":4},"end":{"line":8,"column":18}},"6":{"start":{"line":11,"column":2},"end":{"line":14,"column":3}},"7":{"start":{"line":12,"column":4},"end":{"line":12,"column":42}},"8":{"start":{"line":13,"column":4},"end":{"line":13,"column":18}},"9":{"start":{"line":16,"column":2},"end":{"line":19,"column":3}},"10":{"start":{"line":17,"column":4},"end":{"line":17,"column":49}},"11":{"start":{"line":18,"column":4},"end":{"line":18,"column":18}},"12":{"start":{"line":21,"column":2},"end":{"line":25,"column":3}},"13":{"start":{"line":22,"column":4},"end":{"line":24,"column":7}},"14":{"start":{"line":23,"column":6},"end":{"line":23,"column":51}},"15":{"start":{"line":27,"column":2},"end":{"line":27,"column":16}}},"fnMap":{"0":{"name":"(anonymous_0)","decl":{"start":{"line":1,"column":28},"end":{"line":1,"column":29}},"loc":{"start":{"line":1,"column":37},"end":{"line":28,"column":1}},"line":1},"1":{"name":"(anonymous_1)","decl":{"start":{"line":22,"column":38},"end":{"line":22,"column":39}},"loc":{"start":{"line":22,"column":58},"end":{"line":24,"column":5}},"line":22}},"branchMap":{"0":{"loc":{"start":{"line":6,"column":2},"end":{"line":9,"column":3}},"type":"if","locations":[{"start":{"line":6,"column":2},"end":{"line":9,"column":3}},{"start":{},"end":{}}],"line":6},"1":{"loc":{"start":{"line":11,"column":2},"end":{"line":14,"column":3}},"type":"if","locations":[{"start":{"line":11,"column":2},"end":{"line":14,"column":3}},{"start":{},"end":{}}],"line":11},"2":{"loc":{"start":{"line":16,"column":2},"end":{"line":19,"column":3}},"type":"if","locations":[{"start":{"line":16,"column":2},"end":{"line":19,"column":3}},{"start":{},"end":{}}],"line":16},"3":{"loc":{"start":{"line":21,"column":2},"end":{"line":25,"column":3}},"type":"if","locations":[{"start":{"line":21,"column":2},"end":{"line":25,"column":3}},{"start":{},"end":{}}],"line":21}},"s":{"0":1,"1":5,"2":5,"3":5,"4":1,"5":1,"6":4,"7":1,"8":1,"9":3,"10":1,"11":1,"12":2,"13":1,"14":2,"15":2},"f":{"0":5,"1":2},"b":{"0":[1,4],"1":[1,3],"2":[1,2],"3":[1,1]},"inputSourceMap":null,"_coverageSchema":"1a1c01bbd47fc00a2c39e90264f33305004495a9","hash":"8a9b20bde257a6852e376e5728c1be8c64f46505"}
,"C:\\Users\\soluc\\Desktop\\indexchem\\tests\\math.js": {"path":"C:\\Users\\soluc\\Desktop\\indexchem\\tests\\math.js","statementMap":{"0":{"start":{"line":2,"column":2},"end":{"line":2,"column":15}},"1":{"start":{"line":6,"column":2},"end":{"line":6,"column":15}}},"fnMap":{"0":{"name":"sum","decl":{"start":{"line":1,"column":16},"end":{"line":1,"column":19}},"loc":{"start":{"line":1,"column":26},"end":{"line":3,"column":1}},"line":1},"1":{"name":"sub","decl":{"start":{"line":5,"column":16},"end":{"line":5,"column":19}},"loc":{"start":{"line":5,"column":26},"end":{"line":7,"column":1}},"line":5}},"branchMap":{},"s":{"0":3,"1":3},"f":{"0":3,"1":3},"b":{},"inputSourceMap":null,"_coverageSchema":"1a1c01bbd47fc00a2c39e90264f33305004495a9","hash":"83135684159041f5b3c12d07f6ba9c1a304b48f1"}
}
