TN:
SF:mid-functions\error.handler.js
FN:1,(anonymous_0)
FN:22,(anonymous_1)
FNF:2
FNH:2
FNDA:5,(anonymous_0)
FNDA:2,(anonymous_1)
DA:1,1
DA:2,5
DA:4,5
DA:6,5
DA:7,1
DA:8,1
DA:11,4
DA:12,1
DA:13,1
DA:16,3
DA:17,1
DA:18,1
DA:21,2
DA:22,1
DA:23,2
DA:27,2
LF:16
LH:16
BRDA:6,0,0,1
BRDA:6,0,1,4
BRDA:11,1,0,1
BRDA:11,1,1,3
BRDA:16,2,0,1
BRDA:16,2,1,2
BRDA:21,3,0,1
BRDA:21,3,1,1
BRF:8
BRH:8
end_of_record
TN:
SF:tests\math.js
FN:1,sum
FN:5,sub
FNF:2
FNH:2
FNDA:3,sum
FNDA:3,sub
DA:2,3
DA:6,3
LF:2
LH:2
BRF:0
BRH:0
end_of_record
